<?xml version="1.0" encoding="UTF-8"?>
<!-- Generated by org.testng.reporters.JUnitReportReporter -->
<testsuite hostname="LAPTOP-4PJVQ8DV" failures="0" tests="3" name="TestRunner.RunnerTest" time="37.286" errors="0" timestamp="2023-07-31T21:28:02 IST" skipped="0">
  <testcase classname="TestRunner.RunnerTest" name="runScenario" time="3.623"/>
  <system-out/>
  <testcase classname="TestRunner.RunnerTest" name="runScenario" time="10.265"/>
  <system-out/>
  <testcase classname="TestRunner.RunnerTest" name="runScenario" time="23.398"/>
  <system-out/>
</testsuite> <!-- TestRunner.RunnerTest -->
